#
# A fatal error has been detected by the Java Runtime Environment:
#
#  Internal Error (classLoader.cpp:369), pid=8836, tid=45644
#  guarantee(name != nullptr) failed: jimage file name is null
#
# JRE version:  (21.0.8+9) (build )
# Java VM: OpenJDK 64-Bit Server VM (21.0.8+9-LTS, mixed mode, sharing, tiered, compressed oops, compressed class ptrs, parallel gc, windows-amd64)
# No core dump will be written. Minidumps are not enabled by default on client versions of Windows
#
#

---------------  S U M M A R Y ------------

Command Line: --add-modules=ALL-SYSTEM --add-opens=java.base/java.util=ALL-UNNAMED --add-opens=java.base/java.lang=ALL-UNNAMED --add-opens=java.base/sun.nio.fs=ALL-UNNAMED -Declipse.application=org.eclipse.jdt.ls.core.id1 -Dosgi.bundles.defaultStartLevel=4 -Declipse.product=org.eclipse.jdt.ls.core.product -Djava.import.generatesMetadataFilesAtProjectRoot=false -DDetectVMInstallationsJob.disabled=true -Dfile.encoding=utf8 -XX:+UseParallelGC -XX:GCTimeRatio=4 -XX:AdaptiveSizePolicyWeight=90 -Dsun.zip.disableMemoryMapping=true -Xmx2G -Xms100m -Xlog:disable -javaagent:c:\Users\ADMIN\.vscode\extensions\redhat.java-1.46.0-win32-x64\lombok\lombok-1.18.39-4050.jar -XX:+HeapDumpOnOutOfMemoryError -XX:HeapDumpPath=c:\Users\ADMIN\AppData\Roaming\Code\User\workspaceStorage\3ee2f6c9e6e0b1aa2bd33a19d7e2f9dd\redhat.java -Daether.dependencyCollector.impl=bf c:\Users\ADMIN\.vscode\extensions\redhat.java-1.46.0-win32-x64\server\plugins\org.eclipse.equinox.launcher_1.7.0.v20250519-0528.jar -configuration c:\Users\ADMIN\AppData\Roaming\Code\User\globalStorage\redhat.java\1.46.0\config_win -data c:\Users\ADMIN\AppData\Roaming\Code\User\workspaceStorage\3ee2f6c9e6e0b1aa2bd33a19d7e2f9dd\redhat.java\jdt_ws --pipe=\\.\pipe\lsp-3ba7893c4c78d6adbfc1883dcd2bd655-sock

Host: Intel(R) Core(TM) i7-6600U CPU @ 2.60GHz, 4 cores, 19G,  Windows 10 , 64 bit Build 19041 (10.0.19041.5915)
Time: Thu Oct 30 19:35:54 2025 Malay Peninsula Standard Time elapsed time: 0.026016 seconds (0d 0h 0m 0s)

---------------  T H R E A D  ---------------

Current thread (0x00000175fa9f1870):  JavaThread "Unknown thread" [_thread_in_vm, id=45644, stack(0x00000062c8100000,0x00000062c8200000) (1024K)]

Stack: [0x00000062c8100000,0x00000062c8200000]
Native frames: (J=compiled Java code, j=interpreted, Vv=VM code, C=native code)
V  [jvm.dll+0x6d2449]
V  [jvm.dll+0x8ae341]
V  [jvm.dll+0x8b08be]
V  [jvm.dll+0x8b0f57]
V  [jvm.dll+0x280c17]
V  [jvm.dll+0x2200c2]
V  [jvm.dll+0x21e090]
V  [jvm.dll+0x21cd8d]
V  [jvm.dll+0x3bed58]
V  [jvm.dll+0x8605d3]
V  [jvm.dll+0x4530ee]
V  [jvm.dll+0x454d31]
C  [jli.dll+0x5278]
C  [ucrtbase.dll+0x21bb2]
C  [KERNEL32.DLL+0x17374]
C  [ntdll.dll+0x4cc91]


---------------  P R O C E S S  ---------------

Threads class SMR info:
_java_thread_list=0x00007ffc40f011c8, length=0, elements={
}

Java Threads: ( => current thread )
Total: 0

Other Threads:

=>0x00000175fa9f1870 (exited) JavaThread "Unknown thread"    [_thread_in_vm, id=45644, stack(0x00000062c8100000,0x00000062c8200000) (1024K)]
Total: 1

Threads with active compile tasks:
Total: 0

VM state: not at safepoint (not fully initialized)

VM Mutex/Monitor currently owned by a thread: None

Heap address: 0x0000000000000000, size: 0 MB, Compressed Oops mode: 32-bit

CDS archive(s) mapped at: [0x0000000000000000-0x0000000000000000-0x0000000000000000), size 0, SharedBaseAddress: 0x0000000800000000, ArchiveRelocationMode: 1.
Narrow klass base: 0x0000000000000000, Narrow klass shift: 0, Narrow klass range: 0x0

GC Precious Log:
<Not initialized>

Dll operation events (1 events):
Event: 0.017 Loaded shared library c:\Users\ADMIN\.vscode\extensions\redhat.java-1.46.0-win32-x64\jre\21.0.8-win32-x86_64\bin\java.dll

Deoptimization events (0 events):
No events

Classes loaded (0 events):
No events

Classes unloaded (0 events):
No events

Classes redefined (0 events):
No events

Internal exceptions (0 events):
No events

ZGC Phase Switch (0 events):
No events

VM Operations (0 events):
No events

Memory protections (0 events):
No events

Nmethod flushes (0 events):
No events

Events (0 events):
No events


Dynamic libraries:
0x00007ff6c43d0000 - 0x00007ff6c43de000 	c:\Users\ADMIN\.vscode\extensions\redhat.java-1.46.0-win32-x64\jre\21.0.8-win32-x86_64\bin\java.exe
0x00007ffcd61d0000 - 0x00007ffcd63c8000 	C:\Windows\SYSTEM32\ntdll.dll
0x00007ffcd4fc0000 - 0x00007ffcd5082000 	C:\Windows\System32\KERNEL32.DLL
0x00007ffcd39f0000 - 0x00007ffcd3ce6000 	C:\Windows\System32\KERNELBASE.dll
0x00007ffcd38f0000 - 0x00007ffcd39f0000 	C:\Windows\System32\ucrtbase.dll
0x00007ffcc9950000 - 0x00007ffcc9968000 	c:\Users\ADMIN\.vscode\extensions\redhat.java-1.46.0-win32-x64\jre\21.0.8-win32-x86_64\bin\jli.dll
0x00007ffcc7cb0000 - 0x00007ffcc7cce000 	c:\Users\ADMIN\.vscode\extensions\redhat.java-1.46.0-win32-x64\jre\21.0.8-win32-x86_64\bin\VCRUNTIME140.dll
0x00007ffcd4890000 - 0x00007ffcd4a31000 	C:\Windows\System32\USER32.dll
0x00007ffcd3e90000 - 0x00007ffcd3eb2000 	C:\Windows\System32\win32u.dll
0x00007ffcd5fb0000 - 0x00007ffcd5fdb000 	C:\Windows\System32\GDI32.dll
0x00007ffcd4020000 - 0x00007ffcd4139000 	C:\Windows\System32\gdi32full.dll
0x00007ffcd3df0000 - 0x00007ffcd3e8d000 	C:\Windows\System32\msvcp_win.dll
0x00007ffcbffc0000 - 0x00007ffcc025b000 	C:\Windows\WinSxS\amd64_microsoft.windows.common-controls_6595b64144ccf1df_6.0.19041.6456_none_60b8a6cb71f64256\COMCTL32.dll
0x00007ffcd4250000 - 0x00007ffcd42ee000 	C:\Windows\System32\msvcrt.dll
0x00007ffcd5f80000 - 0x00007ffcd5faf000 	C:\Windows\System32\IMM32.DLL
0x00007ffccf900000 - 0x00007ffccf90c000 	c:\Users\ADMIN\.vscode\extensions\redhat.java-1.46.0-win32-x64\jre\21.0.8-win32-x86_64\bin\vcruntime140_1.dll
0x00007ffc92360000 - 0x00007ffc923ed000 	c:\Users\ADMIN\.vscode\extensions\redhat.java-1.46.0-win32-x64\jre\21.0.8-win32-x86_64\bin\msvcp140.dll
0x00007ffc402c0000 - 0x00007ffc41057000 	c:\Users\ADMIN\.vscode\extensions\redhat.java-1.46.0-win32-x64\jre\21.0.8-win32-x86_64\bin\server\jvm.dll
0x00007ffcd47c0000 - 0x00007ffcd4871000 	C:\Windows\System32\ADVAPI32.dll
0x00007ffcd6090000 - 0x00007ffcd612f000 	C:\Windows\System32\sechost.dll
0x00007ffcd5b00000 - 0x00007ffcd5c20000 	C:\Windows\System32\RPCRT4.dll
0x00007ffcd3d40000 - 0x00007ffcd3d67000 	C:\Windows\System32\bcrypt.dll
0x00007ffcd4f50000 - 0x00007ffcd4fbb000 	C:\Windows\System32\WS2_32.dll
0x00007ffcd2da0000 - 0x00007ffcd2deb000 	C:\Windows\SYSTEM32\POWRPROF.dll
0x00007ffcbee70000 - 0x00007ffcbee97000 	C:\Windows\SYSTEM32\WINMM.dll
0x00007ffccbb40000 - 0x00007ffccbb4a000 	C:\Windows\SYSTEM32\VERSION.dll
0x00007ffcd2c60000 - 0x00007ffcd2c72000 	C:\Windows\SYSTEM32\UMPDC.dll
0x00007ffcd16d0000 - 0x00007ffcd16e2000 	C:\Windows\SYSTEM32\kernel.appcore.dll
0x00007ffccb760000 - 0x00007ffccb76a000 	c:\Users\ADMIN\.vscode\extensions\redhat.java-1.46.0-win32-x64\jre\21.0.8-win32-x86_64\bin\jimage.dll
0x00007ffcbf0e0000 - 0x00007ffcbf2e1000 	C:\Windows\SYSTEM32\DBGHELP.DLL
0x00007ffcbba10000 - 0x00007ffcbba44000 	C:\Windows\SYSTEM32\dbgcore.DLL
0x00007ffcd3860000 - 0x00007ffcd38e2000 	C:\Windows\System32\bcryptPrimitives.dll
0x00007ffcc7a70000 - 0x00007ffcc7a7f000 	c:\Users\ADMIN\.vscode\extensions\redhat.java-1.46.0-win32-x64\jre\21.0.8-win32-x86_64\bin\instrument.dll
0x00007ffcc3470000 - 0x00007ffcc348f000 	c:\Users\ADMIN\.vscode\extensions\redhat.java-1.46.0-win32-x64\jre\21.0.8-win32-x86_64\bin\java.dll

JVMTI agents:
c:\Users\ADMIN\.vscode\extensions\redhat.java-1.46.0-win32-x64\lombok\lombok-1.18.39-4050.jar path:none, loaded, not initialized, instrumentlib options:none

dbghelp: loaded successfully - version: 4.0.5 - missing functions: none
symbol engine: initialized successfully - sym options: 0x614 - pdb path: .;c:\Users\ADMIN\.vscode\extensions\redhat.java-1.46.0-win32-x64\jre\21.0.8-win32-x86_64\bin;C:\Windows\SYSTEM32;C:\Windows\WinSxS\amd64_microsoft.windows.common-controls_6595b64144ccf1df_6.0.19041.6456_none_60b8a6cb71f64256;c:\Users\ADMIN\.vscode\extensions\redhat.java-1.46.0-win32-x64\jre\21.0.8-win32-x86_64\bin\server

VM Arguments:
jvm_args: --add-modules=ALL-SYSTEM --add-opens=java.base/java.util=ALL-UNNAMED --add-opens=java.base/java.lang=ALL-UNNAMED --add-opens=java.base/sun.nio.fs=ALL-UNNAMED -Declipse.application=org.eclipse.jdt.ls.core.id1 -Dosgi.bundles.defaultStartLevel=4 -Declipse.product=org.eclipse.jdt.ls.core.product -Djava.import.generatesMetadataFilesAtProjectRoot=false -DDetectVMInstallationsJob.disabled=true -Dfile.encoding=utf8 -XX:+UseParallelGC -XX:GCTimeRatio=4 -XX:AdaptiveSizePolicyWeight=90 -Dsun.zip.disableMemoryMapping=true -Xmx2G -Xms100m -Xlog:disable -javaagent:c:\Users\ADMIN\.vscode\extensions\redhat.java-1.46.0-win32-x64\lombok\lombok-1.18.39-4050.jar -XX:+HeapDumpOnOutOfMemoryError -XX:HeapDumpPath=c:\Users\ADMIN\AppData\Roaming\Code\User\workspaceStorage\3ee2f6c9e6e0b1aa2bd33a19d7e2f9dd\redhat.java -Daether.dependencyCollector.impl=bf 
java_command: c:\Users\ADMIN\.vscode\extensions\redhat.java-1.46.0-win32-x64\server\plugins\org.eclipse.equinox.launcher_1.7.0.v20250519-0528.jar -configuration c:\Users\ADMIN\AppData\Roaming\Code\User\globalStorage\redhat.java\1.46.0\config_win -data c:\Users\ADMIN\AppData\Roaming\Code\User\workspaceStorage\3ee2f6c9e6e0b1aa2bd33a19d7e2f9dd\redhat.java\jdt_ws --pipe=\\.\pipe\lsp-3ba7893c4c78d6adbfc1883dcd2bd655-sock
java_class_path (initial): c:\Users\ADMIN\.vscode\extensions\redhat.java-1.46.0-win32-x64\server\plugins\org.eclipse.equinox.launcher_1.7.0.v20250519-0528.jar
Launcher Type: SUN_STANDARD

[Global flags]
    uintx AdaptiveSizePolicyWeight                 = 90                                        {product} {command line}
    uintx GCTimeRatio                              = 4                                         {product} {command line}
     bool HeapDumpOnOutOfMemoryError               = true                                   {manageable} {command line}
    ccstr HeapDumpPath                             = c:\Users\ADMIN\AppData\Roaming\Code\User\workspaceStorage\3ee2f6c9e6e0b1aa2bd33a19d7e2f9dd\redhat.java         {manageable} {command line}
   size_t InitialHeapSize                          = 104857600                                 {product} {command line}
   size_t MaxHeapSize                              = 2147483648                                {product} {command line}
   size_t MinHeapSize                              = 104857600                                 {product} {command line}
    uintx ReservedCodeCacheSize                    = 251658240                              {pd product} {ergonomic}
     bool SegmentedCodeCache                       = true                                      {product} {ergonomic}
     bool UseCompressedOops                        = true                           {product lp64_product} {ergonomic}
     bool UseLargePagesIndividualAllocation        = false                                  {pd product} {ergonomic}
     bool UseParallelGC                            = true                                      {product} {command line}

Logging:
Log output configuration:
 #0: stdout all=off uptime,level,tags foldmultilines=false
 #1: stderr all=off uptime,level,tags foldmultilines=false

Environment Variables:
PATH=C:\Program Files\Common Files\Oracle\Java\javapath;C:\Windows\system32;C:\Windows;C:\Windows\System32\Wbem;C:\Windows\System32\WindowsPowerShell\v1.0\;C:\Windows\System32\OpenSSH\;C:\Program Files\Git\cmd;C:\Users\ADMIN\AppData\Local\Programs\Python\Python313\Scripts\;C:\Users\ADMIN\AppData\Local\Programs\Python\Python313\;C:\Users\ADMIN\AppData\Local\Programs\Python\Launcher\;C:\Users\ADMIN\AppData\Local\Microsoft\WindowsApps;C:\Users\ADMIN\AppData\Local\Programs\Microsoft VS Code\bin;C:\msys64\ucrt64\bin;C:\Users\ADMIN\AppData\Local\Programs\Espanso;C:\Users\ADMIN\.local;
USERNAME=ADMIN
OS=Windows_NT
PROCESSOR_IDENTIFIER=Intel64 Family 6 Model 78 Stepping 3, GenuineIntel
TMP=C:\Users\ADMIN\AppData\Local\Temp
TEMP=C:\Users\ADMIN\AppData\Local\Temp




Periodic native trim disabled

---------------  S Y S T E M  ---------------

OS:
 Windows 10 , 64 bit Build 19041 (10.0.19041.5915)
OS uptime: 9 days 11:14 hours

CPU: total 4 (initial active 4) 
Processor Information for processor 0
  Max Mhz: 2808, Current Mhz: 2607, Mhz Limit: 2583
Processor Information for processor 1
  Max Mhz: 2808, Current Mhz: 1404, Mhz Limit: 2583
Processor Information for processor 2
  Max Mhz: 2808, Current Mhz: 1404, Mhz Limit: 2583
Processor Information for processor 3
  Max Mhz: 2808, Current Mhz: 1404, Mhz Limit: 2583

Memory: 4k page, system-wide physical 20355M (9370M free)
TotalPageFile size 23427M (AvailPageFile size 9103M)
current process WorkingSet (physical memory assigned to process): 9M, peak: 9M
current process commit charge ("private bytes"): 3M, peak: 3M

vm_info: OpenJDK 64-Bit Server VM (21.0.8+9-LTS) for windows-amd64 JRE (21.0.8+9-LTS), built on 2025-07-15T00:00:00Z by "admin" with MS VC++ 17.7 (VS2022)

END.
